Command line:
   Counter_isim_beh.exe
     -simmode  gui
     -simrunnum  0
     -socket  56218

Mon Jan 17 18:36:09 2022


 Elaboration Time: 0.03125 sec

 Current Memory Usage: 5150.46 Meg

 Total Signals          : 17
 Total Nets             : 20
 Total Signal Drivers   : 6
 Total Blocks           : 2
 Total Primitive Blocks : 2
 Total Processes        : 9
 Total Traceable Variables  : 21
 Total Scalar Nets and Variables : 112
Total Line Count : 26

 Total Simulation Time: 0.421875 sec

 Current Memory Usage: 4678.6 Meg

Mon Jan 17 18:38:30 2022

