ISim log file
Running: C:\Users\miste\Desktop\Verilog\Prosta_funkcja\Simple_fnc_isim_beh.exe -intstyle ise -gui -tclbatch isim.cmd -wdb C:/Users/miste/Desktop/Verilog/Prosta_funkcja/Simple_fnc_isim_beh.wdb 
ISim P.20131013 (signature 0x7708f090)
WARNING: A WEBPACK license was found.
WARNING: Please use Xilinx License Configuration Manager to check out a full ISim license.
WARNING: ISim will run in Lite mode. Please refer to the ISim documentation for more information on the differences between the Lite and the Full version.
This is a Lite version of ISim.
Time resolution is 1 ps
# onerror resume
# wave add /
# run 1000 ns
Simulator is doing circuit initialization process.
Finished circuit initialization process.
# isim force add /Simple_fnc/a 0 -radix bin
# isim force add /Simple_fnc/a 0 -radix bin
# isim force add /Simple_fnc/b 0 -radix bin
# isim force add /Simple_fnc/b 0 -radix bin
# isim force add /Simple_fnc/c 0 -radix bin
# isim force add /Simple_fnc/c 0 -radix bin
# isim force add /Simple_fnc/d 0 -radix bin
# isim force add /Simple_fnc/d 0 -radix bin
# run 1.00us
# isim force add /Simple_fnc/b 1 -radix bin
# isim force add /Simple_fnc/b 1 -radix bin
# run 1.00us
# isim force add /Simple_fnc/a 1 -radix bin
# isim force add /Simple_fnc/a 1 -radix bin
# run 1.00us
# run 1.00us
# run 1.00us
# isim force add /Simple_fnc/b 0 -radix bin
# isim force add /Simple_fnc/b 0 -radix bin
# run 1.00us
# isim force add /Simple_fnc/a 0 -radix bin
# isim force add /Simple_fnc/a 0 -radix bin
# isim force add /Simple_fnc/d 1 -radix bin
# isim force add /Simple_fnc/d 1 -radix bin
# run 1.00us
# isim force add /Simple_fnc/b 1 -radix bin
# isim force add /Simple_fnc/b 1 -radix bin
# run 1.00us
# isim force add /Simple_fnc/a 1 -radix bin
# isim force add /Simple_fnc/a 1 -radix bin
# run 1.00us
# isim force add /Simple_fnc/c 1 -radix bin
# isim force add /Simple_fnc/c 1 -radix bin
# run 1.00us
# isim force add /Simple_fnc/b 0 -radix bin
# isim force add /Simple_fnc/b 0 -radix bin
# isim force add /Simple_fnc/c 0 -radix bin
# isim force add /Simple_fnc/c 0 -radix bin
# run 1.00us
