Command line:
   Automat_isim_beh.exe
     -simmode  gui
     -simrunnum  0
     -socket  50585

Mon Jan 17 19:03:34 2022


 Elaboration Time: 0.0625 sec

 Current Memory Usage: 5150.43 Meg

 Total Signals          : 16
 Total Nets             : 17
 Total Signal Drivers   : 6
 Total Blocks           : 2
 Total Primitive Blocks : 2
 Total Processes        : 11
 Total Traceable Variables  : 21
 Total Scalar Nets and Variables : 104
Total Line Count : 52

 Total Simulation Time: 0.09375 sec

 Current Memory Usage: 5465 Meg

Mon Jan 17 19:04:25 2022

