Release 14.7 - xst P.20131013 (nt64)
Copyright (c) 1995-2013 Xilinx, Inc.  All rights reserved.
--> Parameter TMPDIR set to xst/projnav.tmp


Total REAL time to Xst completion: 0.00 secs
Total CPU time to Xst completion: 0.25 secs
 
--> Parameter xsthdpdir set to xst


Total REAL time to Xst completion: 0.00 secs
Total CPU time to Xst completion: 0.25 secs
 
--> Reading design: Shift_register.prj

TABLE OF CONTENTS
  1) Synthesis Options Summary
  2) HDL Compilation
  3) Design Hierarchy Analysis
  4) HDL Analysis
  5) HDL Synthesis
     5.1) HDL Synthesis Report
  6) Advanced HDL Synthesis
     6.1) Advanced HDL Synthesis Report
  7) Low Level Synthesis
  8) Partition Report
  9) Final Report

=========================================================================
*                      Synthesis Options Summary                        *
=========================================================================
---- Source Parameters
Input File Name                    : "Shift_register.prj"
Input Format                       : mixed
Ignore Synthesis Constraint File   : NO

---- Target Parameters
Output File Name                   : "Shift_register"
Output Format                      : NGC
Target Device                      : CoolRunner2 CPLDs

---- Source Options
Top Module Name                    : Shift_register
Automatic FSM Extraction           : YES
FSM Encoding Algorithm             : Auto
Safe Implementation                : No
Mux Extraction                     : Yes
Resource Sharing                   : YES

---- Target Options
Add IO Buffers                     : YES
MACRO Preserve                     : YES
XOR Preserve                       : YES
Equivalent register Removal        : YES

---- General Options
Optimization Goal                  : Speed
Optimization Effort                : 1
Keep Hierarchy                     : Yes
Netlist Hierarchy                  : As_Optimized
RTL Output                         : Yes
Hierarchy Separator                : /
Bus Delimiter                      : <>
Case Specifier                     : Maintain
Verilog 2001                       : YES

---- Other Options
Clock Enable                       : YES
wysiwyg                            : NO

=========================================================================


=========================================================================
*                          HDL Compilation                              *
=========================================================================
Compiling verilog file "Shift_register.v" in library work
Module <Shift_register> compiled
No errors in compilation
Analysis of file <"Shift_register.prj"> succeeded.
 

=========================================================================
*                     Design Hierarchy Analysis                         *
=========================================================================
Analyzing hierarchy for module <Shift_register> in library <work>.


=========================================================================
*                            HDL Analysis                               *
=========================================================================
Analyzing top module <Shift_register>.
Module <Shift_register> is correct for synthesis.
 

=========================================================================
*                           HDL Synthesis                               *
=========================================================================

Performing bidirectional port resolution...

Synthesizing Unit <Shift_register>.
    Related source file is "Shift_register.v".
    Found 32-bit up counter for signal <mem_val>.
    Found 8-bit register for signal <reg_temp>.
    Summary:
	inferred   1 Counter(s).
	inferred   8 D-type flip-flop(s).
Unit <Shift_register> synthesized.


=========================================================================
HDL Synthesis Report

Macro Statistics
# Counters                                             : 1
 32-bit up counter                                     : 1
# Registers                                            : 8
 1-bit register                                        : 8

=========================================================================

=========================================================================
*                       Advanced HDL Synthesis                          *
=========================================================================


=========================================================================
Advanced HDL Synthesis Report

Macro Statistics
# Counters                                             : 1
 32-bit up counter                                     : 1
# Registers                                            : 8
 Flip-Flops                                            : 8

=========================================================================

=========================================================================
*                         Low Level Synthesis                           *
=========================================================================
WARNING:Xst:2677 - Node <mem_val_3> of sequential type is unconnected in block <Shift_register>.
WARNING:Xst:2677 - Node <mem_val_4> of sequential type is unconnected in block <Shift_register>.
WARNING:Xst:2677 - Node <mem_val_5> of sequential type is unconnected in block <Shift_register>.
WARNING:Xst:2677 - Node <mem_val_6> of sequential type is unconnected in block <Shift_register>.
WARNING:Xst:2677 - Node <mem_val_7> of sequential type is unconnected in block <Shift_register>.
WARNING:Xst:2677 - Node <mem_val_8> of sequential type is unconnected in block <Shift_register>.
WARNING:Xst:2677 - Node <mem_val_9> of sequential type is unconnected in block <Shift_register>.
WARNING:Xst:2677 - Node <mem_val_10> of sequential type is unconnected in block <Shift_register>.
WARNING:Xst:2677 - Node <mem_val_11> of sequential type is unconnected in block <Shift_register>.
WARNING:Xst:2677 - Node <mem_val_12> of sequential type is unconnected in block <Shift_register>.
WARNING:Xst:2677 - Node <mem_val_13> of sequential type is unconnected in block <Shift_register>.
WARNING:Xst:2677 - Node <mem_val_14> of sequential type is unconnected in block <Shift_register>.
WARNING:Xst:2677 - Node <mem_val_15> of sequential type is unconnected in block <Shift_register>.
WARNING:Xst:2677 - Node <mem_val_16> of sequential type is unconnected in block <Shift_register>.
WARNING:Xst:2677 - Node <mem_val_17> of sequential type is unconnected in block <Shift_register>.
WARNING:Xst:2677 - Node <mem_val_18> of sequential type is unconnected in block <Shift_register>.
WARNING:Xst:2677 - Node <mem_val_19> of sequential type is unconnected in block <Shift_register>.
WARNING:Xst:2677 - Node <mem_val_20> of sequential type is unconnected in block <Shift_register>.
WARNING:Xst:2677 - Node <mem_val_21> of sequential type is unconnected in block <Shift_register>.
WARNING:Xst:2677 - Node <mem_val_22> of sequential type is unconnected in block <Shift_register>.
WARNING:Xst:2677 - Node <mem_val_23> of sequential type is unconnected in block <Shift_register>.
WARNING:Xst:2677 - Node <mem_val_24> of sequential type is unconnected in block <Shift_register>.
WARNING:Xst:2677 - Node <mem_val_25> of sequential type is unconnected in block <Shift_register>.
WARNING:Xst:2677 - Node <mem_val_26> of sequential type is unconnected in block <Shift_register>.
WARNING:Xst:2677 - Node <mem_val_27> of sequential type is unconnected in block <Shift_register>.
WARNING:Xst:2677 - Node <mem_val_28> of sequential type is unconnected in block <Shift_register>.
WARNING:Xst:2677 - Node <mem_val_29> of sequential type is unconnected in block <Shift_register>.
WARNING:Xst:2677 - Node <mem_val_30> of sequential type is unconnected in block <Shift_register>.
WARNING:Xst:2677 - Node <mem_val_31> of sequential type is unconnected in block <Shift_register>.

Optimizing unit <Shift_register> ...
  implementation constraint: INIT=r	 : reg_temp_1
  implementation constraint: INIT=r	 : reg_temp_2
  implementation constraint: INIT=r	 : reg_temp_3
  implementation constraint: INIT=r	 : reg_temp_4
  implementation constraint: INIT=r	 : reg_temp_5
  implementation constraint: INIT=r	 : reg_temp_6
  implementation constraint: INIT=r	 : reg_temp_7
  implementation constraint: INIT=r	 : mem_val_2
  implementation constraint: INIT=r	 : mem_val_1
  implementation constraint: INIT=r	 : mem_val_0
  implementation constraint: INIT=r	 : reg_temp_0

=========================================================================
*                           Partition Report                            *
=========================================================================

Partition Implementation Status
-------------------------------

  No Partitions were found in this design.

-------------------------------

=========================================================================
*                            Final Report                               *
=========================================================================
Final Results
RTL Top Level Output File Name     : Shift_register.ngr
Top Level Output File Name         : Shift_register
Output Format                      : NGC
Optimization Goal                  : Speed
Keep Hierarchy                     : Yes
Target Technology                  : CoolRunner2 CPLDs
Macro Preserve                     : YES
XOR Preserve                       : YES
Clock Enable                       : YES
wysiwyg                            : NO

Design Statistics
# IOs                              : 11

Cell Usage :
# BELS                             : 84
#      AND2                        : 23
#      AND3                        : 5
#      GND                         : 1
#      INV                         : 37
#      OR2                         : 16
#      XOR2                        : 2
# FlipFlops/Latches                : 11
#      FDCE                        : 11
# IO Buffers                       : 11
#      IBUF                        : 3
#      OBUF                        : 8
=========================================================================


Total REAL time to Xst completion: 4.00 secs
Total CPU time to Xst completion: 4.50 secs
 
--> 

Total memory usage is 4496364 kilobytes

Number of errors   :    0 (   0 filtered)
Number of warnings :   29 (   0 filtered)
Number of infos    :    0 (   0 filtered)

