Command line:
   Shift_register_isim_beh.exe
     -simmode  gui
     -simrunnum  0
     -socket  50353

Mon Jan 17 21:11:00 2022


 Elaboration Time: 0.03125 sec

 Current Memory Usage: 5149.84 Meg

 Total Signals          : 17
 Total Nets             : 24
 Total Signal Drivers   : 6
 Total Blocks           : 2
 Total Primitive Blocks : 2
 Total Processes        : 9
 Total Traceable Variables  : 20
 Total Scalar Nets and Variables : 144
Total Line Count : 30

 Total Simulation Time: 0.125 sec

 Current Memory Usage: 4992.55 Meg

Mon Jan 17 21:12:56 2022

