Command line:
   Blok_Iter_isim_beh.exe
     -simmode  gui
     -simrunnum  0
     -socket  55486

Sun Jan 23 16:22:53 2022


 Elaboration Time: 0.046875 sec

 Current Memory Usage: 5150.47 Meg

 Total Signals          : 18
 Total Nets             : 18
 Total Signal Drivers   : 7
 Total Blocks           : 2
 Total Primitive Blocks : 2
 Total Processes        : 8
 Total Traceable Variables  : 18
 Total Scalar Nets and Variables : 98
Total Line Count : 16

 Total Simulation Time: 0.078125 sec

 Current Memory Usage: 5150.47 Meg

Sun Jan 23 16:23:04 2022

